{
  "RSpec": {
    "coverage": {
      "/Users/cb001/Desktop/practice/ROR/ecommerce_rails/product_service/app/controllers/products_controller.rb": {
        "lines": [
          1,
          1,
          1,
          null,
          1,
          1,
          1,
          null,
          null,
          1,
          1,
          1,
          null,
          0,
          null,
          null,
          null,
          1,
          6,
          null,
          null,
          6,
          2,
          null,
          4,
          null,
          null,
          null,
          null,
          1,
          null,
          null,
          4,
          1,
          null,
          3,
          null,
          null,
          null,
          1,
          1,
          1,
          null,
          0,
          null,
          null,
          null,
          1,
          null,
          1,
          9,
          null,
          3,
          null,
          null,
          null,
          null,
          null,
          null,
          null,
          null,
          null,
          1,
          10,
          null,
          null
        ]
      },
      "/Users/cb001/Desktop/practice/ROR/ecommerce_rails/product_service/app/controllers/application_controller.rb": {
        "lines": [
          1,
          null,
          1,
          null,
          1,
          14,
          14,
          null,
          14,
          1,
          null,
          null,
          13,
          13,
          0,
          0,
          null,
          null,
          null,
          null
        ]
      },
      "/Users/cb001/Desktop/practice/ROR/ecommerce_rails/product_service/app/models/product.rb": {
        "lines": [
          1,
          1,
          null,
          1,
          1,
          1,
          1,
          null,
          1,
          24,
          null,
          null,
          1,
          2,
          2,
          1,
          null,
          null,
          null,
          null
        ]
      },
      "/Users/cb001/Desktop/practice/ROR/ecommerce_rails/product_service/app/models/application_record.rb": {
        "lines": [
          1,
          1,
          null
        ]
      },
      "/Users/cb001/Desktop/practice/ROR/ecommerce_rails/product_service/app/serializers/product_serializer.rb": {
        "lines": [
          1,
          1,
          null,
          1,
          null,
          1,
          10,
          null,
          null
        ]
      }
    },
    "timestamp": 1701070138
  }
}
