{
  "RSpec": {
    "coverage": {
      "/Users/cb001/Desktop/practice/ROR/ecommerce_rails/auth_service/app/controllers/authentications_controller.rb": {
        "lines": [
          1,
          1,
          13,
          13,
          4,
          4,
          null,
          9,
          null,
          null,
          null,
          1,
          6,
          6,
          4,
          3,
          3,
          null,
          1,
          null,
          null,
          2,
          null,
          null,
          null,
          1,
          1,
          23,
          null,
          null
        ]
      },
      "/Users/cb001/Desktop/practice/ROR/ecommerce_rails/auth_service/app/controllers/application_controller.rb": {
        "lines": [
          1,
          null
        ]
      },
      "/Users/cb001/Desktop/practice/ROR/ecommerce_rails/auth_service/app/models/user.rb": {
        "lines": [
          1,
          1,
          null,
          1,
          1,
          null,
          1,
          9,
          null,
          null,
          1,
          1,
          1,
          null,
          null
        ]
      },
      "/Users/cb001/Desktop/practice/ROR/ecommerce_rails/auth_service/app/models/application_record.rb": {
        "lines": [
          1,
          1,
          null
        ]
      }
    },
    "timestamp": 1700739583
  }
}
